  question1.c
E:\代码\Data-Structure\StackQueueExercises\StackQueueExercises\question1.c(34,29): warning C4013: “malloc”未定义；假设外部返回 int
E:\代码\Data-Structure\StackQueueExercises\StackQueueExercises\question1.c(38,7): warning C4013: “exit”未定义；假设外部返回 int
E:\代码\Data-Structure\StackQueueExercises\StackQueueExercises\question1.c(47,6): warning C4013: “free”未定义；假设外部返回 int
E:\代码\Data-Structure\StackQueueExercises\StackQueueExercises\question1.c(60,41): warning C4013: “realloc”未定义；假设外部返回 int
  question3.c
E:\代码\Data-Structure\StackQueueExercises\StackQueueExercises\question3.c(261,30): warning C4013: “malloc”未定义；假设外部返回 int
E:\代码\Data-Structure\StackQueueExercises\StackQueueExercises\question3.c(269,6): warning C4013: “free”未定义；假设外部返回 int
E:\代码\Data-Structure\StackQueueExercises\StackQueueExercises\question3.c(280,41): warning C4013: “realloc”未定义；假设外部返回 int
E:\代码\Data-Structure\StackQueueExercises\StackQueueExercises\question3.c(284,8): warning C4013: “exit”未定义；假设外部返回 int
E:\代码\Data-Structure\StackQueueExercises\StackQueueExercises\question3.c(358,23): warning C4013: “myQueuePeek”未定义；假设外部返回 int
  正在生成代码...
question3.obj : error LNK2005: _StackEmpty 已经在 question1.obj 中定义
question3.obj : error LNK2005: _StackInit 已经在 question1.obj 中定义
question3.obj : error LNK2005: _StackPop 已经在 question1.obj 中定义
question3.obj : error LNK2005: _StackPush 已经在 question1.obj 中定义
question3.obj : error LNK2005: _StackSize 已经在 question1.obj 中定义
question3.obj : error LNK2005: _StackTop 已经在 question1.obj 中定义
MSVCRTD.lib(exe_main.obj) : error LNK2019: 无法解析的外部符号 _main，函数 "int __cdecl invoke_main(void)" (?invoke_main@@YAHXZ) 中引用了该符号
E:\代码\Data-Structure\StackQueueExercises\Debug\StackQueueExercises.exe : fatal error LNK1120: 1 个无法解析的外部命令
